<?xml version="1.0" encoding="UTF-8"?>
<!-- Generated by org.testng.reporters.JUnitXMLReporter -->
<testsuite ignored="0" hostname="DESKTOP-FVFL2BF" failures="1" tests="3" name="ErrorValidation" time="26.883" errors="0" timestamp="2025-03-18T07:53:20 IST">
  <testcase classname="learningselenium.tests.ErrorValidationTest" name="pageCatalogueError" time="6.776"/>
  <testcase classname="learningselenium.tests.ErrorValidationTest" name="pageLoginError" time="1.001">
    <skipped/>
  </testcase> <!-- pageLoginError -->
  <testcase classname="learningselenium.tests.ErrorValidationTest" name="pageLoginError" time="0.775">
    <failure type="java.lang.AssertionError" message="expected [Incorrect email or password.] but found [Incorrect email o password.]">
      <![CDATA[java.lang.AssertionError: expected [Incorrect email or password.] but found [Incorrect email o password.]
at learningselenium.tests.ErrorValidationTest.pageLoginError(ErrorValidationTest.java:16)
at java.base/java.util.ArrayList.forEach(ArrayList.java:1597)
at java.base/java.util.concurrent.FutureTask.run(FutureTask.java:317)
at java.base/java.util.concurrent.ThreadPoolExecutor.runWorker(ThreadPoolExecutor.java:1144)
at java.base/java.util.concurrent.ThreadPoolExecutor$Worker.run(ThreadPoolExecutor.java:642)
at java.base/java.lang.Thread.run(Thread.java:1575)
... Removed 21 stack frames]]>
    </failure>
  </testcase> <!-- pageLoginError -->
</testsuite> <!-- ErrorValidation -->
